1669667615372	geckodriver	INFO	Listening on 127.0.0.1:60769
1669667618469	mozrunner::runner	INFO	Running command: "C:\\Program Files\\Mozilla Firefox\\firefox.exe" "--marionette" "--remote-debugging-port" "60770" "--remote-allow-hosts" "localhost" "-no-remote" "-profile" "C:\\Users\\anush\\AppData\\Local\\Temp\\rust_mozprofileUUTMMe"
1669667619319	Marionette	INFO	Marionette enabled
1669667619328	Marionette	INFO	Listening on port 60779
Read port: 60779
WebDriver BiDi listening on ws://127.0.0.1:60770
1669667619580	RemoteAgent	WARN	TLS certificate errors will be ignored for this session
console.warn: SearchSettings: "get: No settings file exists, new profile?" (new NotFoundError("Could not open the file at C:\\Users\\anush\\AppData\\Local\\Temp\\rust_mozprofileUUTMMe\\search.json.mozlz4", (void 0)))
DevTools listening on ws://127.0.0.1:60770/devtools/browser/c345f8d5-803f-4f67-9ddb-35fda6e6862f
1669667891600	geckodriver	INFO	Listening on 127.0.0.1:60817
1669667894661	mozrunner::runner	INFO	Running command: "C:\\Program Files\\Mozilla Firefox\\firefox.exe" "--marionette" "--remote-debugging-port" "60818" "--remote-allow-hosts" "localhost" "-no-remote" "-profile" "C:\\Users\\anush\\AppData\\Local\\Temp\\rust_mozprofileLbVP8g"
1669667895103	Marionette	INFO	Marionette enabled
1669667895112	Marionette	INFO	Listening on port 60827
Read port: 60827
WebDriver BiDi listening on ws://127.0.0.1:60818
1669667895329	RemoteAgent	WARN	TLS certificate errors will be ignored for this session
console.warn: SearchSettings: "get: No settings file exists, new profile?" (new NotFoundError("Could not open the file at C:\\Users\\anush\\AppData\\Local\\Temp\\rust_mozprofileLbVP8g\\search.json.mozlz4", (void 0)))
DevTools listening on ws://127.0.0.1:60818/devtools/browser/f95bc29f-c794-4012-9fd1-d7f27d861cda
1669670468236	geckodriver	INFO	Listening on 127.0.0.1:61192
1669670471328	mozrunner::runner	INFO	Running command: "C:\\Program Files\\Mozilla Firefox\\firefox.exe" "--marionette" "--remote-debugging-port" "61193" "--remote-allow-hosts" "localhost" "-no-remote" "-profile" "C:\\Users\\anush\\AppData\\Local\\Temp\\rust_mozprofilenEn7QU"
1669670471784	Marionette	INFO	Marionette enabled
1669670471792	Marionette	INFO	Listening on port 61202
Read port: 61202
WebDriver BiDi listening on ws://127.0.0.1:61193
1669670472002	RemoteAgent	WARN	TLS certificate errors will be ignored for this session
console.warn: SearchSettings: "get: No settings file exists, new profile?" (new NotFoundError("Could not open the file at C:\\Users\\anush\\AppData\\Local\\Temp\\rust_mozprofilenEn7QU\\search.json.mozlz4", (void 0)))
DevTools listening on ws://127.0.0.1:61193/devtools/browser/c392b34f-b9d5-430a-b0e7-d3acaf491720
1670243188383	geckodriver	INFO	Listening on 127.0.0.1:59499
1670243191740	mozrunner::runner	INFO	Running command: "C:\\Program Files\\Mozilla Firefox\\firefox.exe" "--marionette" "--remote-debugging-port" "59500" "--remote-allow-hosts" "localhost" "-no-remote" "-profile" "C:\\Users\\anush\\AppData\\Local\\Temp\\rust_mozprofileziRbTX"
1670243192676	Marionette	INFO	Marionette enabled
1670243192687	Marionette	INFO	Listening on port 59509
Read port: 59509
WebDriver BiDi listening on ws://127.0.0.1:59500
1670243193005	RemoteAgent	WARN	TLS certificate errors will be ignored for this session
1670243369938	geckodriver	INFO	Listening on 127.0.0.1:59554
1670243372971	mozrunner::runner	INFO	Running command: "C:\\Program Files\\Mozilla Firefox\\firefox.exe" "--marionette" "--remote-debugging-port" "59555" "--remote-allow-hosts" "localhost" "-no-remote" "-profile" "C:\\Users\\anush\\AppData\\Local\\Temp\\rust_mozprofileiFrgHo"
1670243373536	Marionette	INFO	Marionette enabled
1670243373547	Marionette	INFO	Listening on port 59564
Read port: 59564
WebDriver BiDi listening on ws://127.0.0.1:59555
1670243373788	RemoteAgent	WARN	TLS certificate errors will be ignored for this session
console.warn: SearchSettings: "get: No settings file exists, new profile?" (new NotFoundError("Could not open the file at C:\\Users\\anush\\AppData\\Local\\Temp\\rust_mozprofileiFrgHo\\search.json.mozlz4", (void 0)))
DevTools listening on ws://127.0.0.1:59555/devtools/browser/2328231b-e201-4740-ac49-f3c880d146c7
1670260311163	Marionette	INFO	Stopped listening on port 59564
console.warn: TopSitesFeed: Failed to fetch data from Contile server: NetworkError when attempting to fetch resource.
[Parent 17232, IPC I/O Parent] WARNING: pipe error: 232: file /builds/worker/checkouts/gecko/ipc/chromium/src/chrome/common/ipc_channel_win.cc:559
1679917298364	geckodriver	INFO	Listening on 127.0.0.1:50604
1679917691662	geckodriver	INFO	Listening on 127.0.0.1:50817
1679917694684	mozrunner::runner	INFO	Running command: "C:\\Program Files\\Mozilla Firefox\\firefox.exe" "--marionette" "--remote-debugging-port" "50818" "--remote-allow-hosts" "localhost" "-no-remote" "-profile" "C:\\Users\\MYPC~1\\AppData\\Local\\Temp\\rust_mozprofiletz9HuH"
console.warn: services.settings: Ignoring preference override of remote settings server
console.warn: services.settings: Allow by setting MOZ_REMOTE_SETTINGS_DEVTOOLS=1 in the environment
1679917695606	Marionette	INFO	Marionette enabled
Dynamically enable window occlusion 0
1679917695780	Marionette	INFO	Listening on port 50828
Read port: 50828
WebDriver BiDi listening on ws://127.0.0.1:50818
1679917696731	RemoteAgent	WARN	TLS certificate errors will be ignored for this session
console.warn: SearchSettings: "get: No settings file exists, new profile?" (new NotFoundError("Could not open the file at C:\\Users\\MYPC~1\\AppData\\Local\\Temp\\rust_mozprofiletz9HuH\\search.json.mozlz4", (void 0)))
DevTools listening on ws://127.0.0.1:50818/devtools/browser/22c58ddc-ed93-4593-b1f0-ac1d357f61c5
1679920135152	Marionette	INFO	Stopped listening on port 50828
Dynamically enable window occlusion 1
1679936294748	geckodriver	INFO	Listening on 127.0.0.1:58556
1679936297668	mozrunner::runner	INFO	Running command: "C:\\Program Files\\Mozilla Firefox\\firefox.exe" "--marionette" "--remote-debugging-port" "58557" "--remote-allow-hosts" "localhost" "-no-remote" "-profile" "C:\\Users\\MYPC~1\\AppData\\Local\\Temp\\rust_mozprofilezu4vi5"
console.warn: services.settings: Ignoring preference override of remote settings server
console.warn: services.settings: Allow by setting MOZ_REMOTE_SETTINGS_DEVTOOLS=1 in the environment
1679936302196	Marionette	INFO	Marionette enabled
Dynamically enable window occlusion 0
1679936302232	Marionette	INFO	Listening on port 58564
Read port: 58564
WebDriver BiDi listening on ws://127.0.0.1:58557
1679936305823	RemoteAgent	WARN	TLS certificate errors will be ignored for this session
console.warn: SearchSettings: "get: No settings file exists, new profile?" (new NotFoundError("Could not open the file at C:\\Users\\MYPC~1\\AppData\\Local\\Temp\\rust_mozprofilezu4vi5\\search.json.mozlz4", (void 0)))
DevTools listening on ws://127.0.0.1:58557/devtools/browser/0fd18a0a-37df-4e06-8f50-2e3b968473d1
1679948376059	Marionette	INFO	Stopped listening on port 58564
Dynamically enable window occlusion 1
1680707704754	geckodriver	INFO	Listening on 127.0.0.1:51329
1680707707845	mozrunner::runner	INFO	Running command: "C:\\Program Files\\Mozilla Firefox\\firefox.exe" "--marionette" "--remote-debugging-port" "51330" "--remote-allow-hosts" "localhost" "-no-remote" "-profile" "C:\\Users\\MYPC~1\\AppData\\Local\\Temp\\rust_mozprofileB19J7U"
console.warn: services.settings: Ignoring preference override of remote settings server
console.warn: services.settings: Allow by setting MOZ_REMOTE_SETTINGS_DEVTOOLS=1 in the environment
1680707711949	Marionette	INFO	Marionette enabled
Dynamically enable window occlusion 0
1680707711973	Marionette	INFO	Listening on port 51340
Read port: 51340
WebDriver BiDi listening on ws://127.0.0.1:51330
1680707712769	RemoteAgent	WARN	TLS certificate errors will be ignored for this session
console.warn: SearchSettings: "get: No settings file exists, new profile?" (new NotFoundError("Could not open the file at C:\\Users\\MYPC~1\\AppData\\Local\\Temp\\rust_mozprofileB19J7U\\search.json.mozlz4", (void 0)))
DevTools listening on ws://127.0.0.1:51330/devtools/browser/b590bc5a-0c89-4a4b-96e0-2b8a89ce1ebf
1680707769052	Marionette	INFO	Stopped listening on port 51340
Dynamically enable window occlusion 1
console.error: (new AbortError("IndexedDB: main/url-classifier-skip-urls list() IndexedDB:  execute() A request was aborted, for example through a call to IDBTransaction.abort.", "resource://services-settings/IDBHelpers.jsm", 18))
WARNING: A blocker encountered an error while we were waiting.
          Blocker:  Waiting for ping task
          Phase: TelemetryController: Waiting for pending ping activity
          State: (none)
WARNING: Error: Phase "profile-before-change" is finished, it is too late to register completion condition "OS.File: flush I/O queued before profileBeforeChange"
WARNING: addBlocker@resource://gre/modules/AsyncShutdown.sys.mjs:727:15
addBlocker@resource://gre/modules/AsyncShutdown.sys.mjs:523:26
addBlocker@resource://gre/modules/AsyncShutdown.sys.mjs:458:15
setupShutdown@resource://gre/modules/osfile/osfile_async_front.jsm:1548:28
@resource://gre/modules/osfile/osfile_async_front.jsm:1568:16
@resource://gre/modules/osfile.jsm:12:30
@resource://gre/modules/TelemetryStorage.sys.mjs:10:28
_checkPendingPings@resource://gre/modules/TelemetrySend.sys.mjs:863:17
setup@resource://gre/modules/TelemetrySend.sys.mjs:803:18
setup@resource://gre/modules/TelemetrySend.sys.mjs:241:30
setupTelemetry/this._delayedInitTask<@resource://gre/modules/TelemetryControllerParent.sys.mjs:828:36
observe@resource://gre/modules/AsyncShutdown.sys.mjs:576:16

console.error: "TelemetryScheduler.shutdown - Already shut down"
WARNING: A blocker encountered an error while we were waiting.
          Blocker:  Waiting for ping task
          Phase: TelemetryController: Waiting for pending ping activity
          State: (none)
WARNING: Error: Phase "profile-before-change" is finished, it is too late to register completion condition "OS.File: flush I/O queued before profileBeforeChange"
WARNING: addBlocker@resource://gre/modules/AsyncShutdown.sys.mjs:727:15
addBlocker@resource://gre/modules/AsyncShutdown.sys.mjs:523:26
addBlocker@resource://gre/modules/AsyncShutdown.sys.mjs:458:15
setupShutdown@resource://gre/modules/osfile/osfile_async_front.jsm:1548:28
@resource://gre/modules/osfile/osfile_async_front.jsm:1568:16
@resource://gre/modules/osfile.jsm:12:30
@resource://gre/modules/TelemetryStorage.sys.mjs:10:28
_checkPendingPings@resource://gre/modules/TelemetrySend.sys.mjs:863:17
setup@resource://gre/modules/TelemetrySend.sys.mjs:803:18
setup@resource://gre/modules/TelemetrySend.sys.mjs:241:30
setupTelemetry/this._delayedInitTask<@resource://gre/modules/TelemetryControllerParent.sys.mjs:828:36
observe@resource://gre/modules/AsyncShutdown.sys.mjs:576:16

WARNING: A blocker encountered an error while we were waiting.
          Blocker:  Waiting for ping task
          Phase: TelemetryController: Waiting for pending ping activity
          State: (none)
WARNING: Error: Phase "profile-before-change" is finished, it is too late to register completion condition "OS.File: flush I/O queued before profileBeforeChange"
WARNING: addBlocker@resource://gre/modules/AsyncShutdown.sys.mjs:727:15
addBlocker@resource://gre/modules/AsyncShutdown.sys.mjs:523:26
addBlocker@resource://gre/modules/AsyncShutdown.sys.mjs:458:15
setupShutdown@resource://gre/modules/osfile/osfile_async_front.jsm:1548:28
@resource://gre/modules/osfile/osfile_async_front.jsm:1568:16
@resource://gre/modules/osfile.jsm:12:30
@resource://gre/modules/TelemetryStorage.sys.mjs:10:28
_checkPendingPings@resource://gre/modules/TelemetrySend.sys.mjs:863:17
setup@resource://gre/modules/TelemetrySend.sys.mjs:803:18
setup@resource://gre/modules/TelemetrySend.sys.mjs:241:30
setupTelemetry/this._delayedInitTask<@resource://gre/modules/TelemetryControllerParent.sys.mjs:828:36
observe@resource://gre/modules/AsyncShutdown.sys.mjs:576:16

WARNING: A blocker encountered an error while we were waiting.
          Blocker:  TelemetryController: shutting down
          Phase: profile-before-change-telemetry
          State: Error getting state: Error: Phase "profile-before-change" is finished, it is too late to register completion condition "OS.File: flush I/O queued before profileBeforeChange" at addBlocker@resource://gre/modules/AsyncShutdown.sys.mjs:727:15
addBlocker@resource://gre/modules/AsyncShutdown.sys.mjs:523:26
addBlocker@resource://gre/modules/AsyncShutdown.sys.mjs:458:15
setupShutdown@resource://gre/modules/osfile/osfile_async_front.jsm:1548:28
@resource://gre/modules/osfile/osfile_async_front.jsm:1568:16
@resource://gre/modules/osfile.jsm:12:30
@resource://gre/modules/TelemetryStorage.sys.mjs:10:28
_checkPendingPings@resource://gre/modules/TelemetrySend.sys.mjs:863:17
setup@resource://gre/modules/TelemetrySend.sys.mjs:803:18
setup@resource://gre/modules/TelemetrySend.sys.mjs:241:30
setupTelemetry/this._delayedInitTask<@resource://gre/modules/TelemetryControllerParent.sys.mjs:828:36
observe@resource://gre/modules/AsyncShutdown.sys.mjs:576:16

WARNING: Error: Phase "profile-before-change" is finished, it is too late to register completion condition "OS.File: flush I/O queued before profileBeforeChange"
WARNING: addBlocker@resource://gre/modules/AsyncShutdown.sys.mjs:727:15
addBlocker@resource://gre/modules/AsyncShutdown.sys.mjs:523:26
addBlocker@resource://gre/modules/AsyncShutdown.sys.mjs:458:15
setupShutdown@resource://gre/modules/osfile/osfile_async_front.jsm:1548:28
@resource://gre/modules/osfile/osfile_async_front.jsm:1568:16
@resource://gre/modules/osfile.jsm:12:30
@resource://gre/modules/TelemetryStorage.sys.mjs:10:28
_checkPendingPings@resource://gre/modules/TelemetrySend.sys.mjs:863:17
setup@resource://gre/modules/TelemetrySend.sys.mjs:803:18
setup@resource://gre/modules/TelemetrySend.sys.mjs:241:30
setupTelemetry/this._delayedInitTask<@resource://gre/modules/TelemetryControllerParent.sys.mjs:828:36
observe@resource://gre/modules/AsyncShutdown.sys.mjs:576:16

JavaScript error: resource://gre/modules/AsyncShutdown.sys.mjs, line 727: Error: Phase "profile-before-change" is finished, it is too late to register completion condition "OS.File: flush I/O queued before profileBeforeChange"
JavaScript error: resource://gre/modules/AsyncShutdown.sys.mjs, line 727: Error: Phase "profile-before-change" is finished, it is too late to register completion condition "OS.File: flush I/O queued before profileBeforeChange"
JavaScript error: resource://gre/modules/AsyncShutdown.sys.mjs, line 727: Error: Phase "profile-before-change" is finished, it is too late to register completion condition "OS.File: flush I/O queued before profileBeforeChange"
JavaScript error: resource://gre/modules/AsyncShutdown.sys.mjs, line 727: Error: Phase "profile-before-change" is finished, it is too late to register completion condition "OS.File: flush I/O queued before profileBeforeChange"
JavaScript error: resource://gre/modules/AsyncShutdown.sys.mjs, line 727: Error: Phase "profile-before-change" is finished, it is too late to register completion condition "OS.File: flush I/O queued before profileBeforeChange"
JavaScript error: resource://gre/modules/AsyncShutdown.sys.mjs, line 727: Error: Phase "profile-before-change" is finished, it is too late to register completion condition "OS.File: flush I/O queued before profileBeforeChange"
1681986586368	geckodriver	INFO	Listening on 127.0.0.1:63544
1681986589550	mozrunner::runner	INFO	Running command: "C:\\Program Files\\Mozilla Firefox\\firefox.exe" "--marionette" "--remote-debugging-port" "63545" "--remote-allow-hosts" "localhost" "-no-remote" "-profile" "C:\\Users\\MYPC~1\\AppData\\Local\\Temp\\rust_mozprofileZMjmgl"
console.warn: services.settings: Ignoring preference override of remote settings server
console.warn: services.settings: Allow by setting MOZ_REMOTE_SETTINGS_DEVTOOLS=1 in the environment
1681986594144	Marionette	INFO	Marionette enabled
Dynamically enable window occlusion 0
1681986594177	Marionette	INFO	Listening on port 63555
Read port: 63555
WebDriver BiDi listening on ws://127.0.0.1:63545
1681986595886	RemoteAgent	WARN	TLS certificate errors will be ignored for this session
console.error: Region.sys.mjs: "Error fetching region" (new Error("TIMEOUT", "resource://gre/modules/Region.sys.mjs", 762))
console.error: Region.sys.mjs: "Failed to fetch region" (new Error("TIMEOUT", "resource://gre/modules/Region.sys.mjs", 414))
console.warn: SearchSettings: "get: No settings file exists, new profile?" (new NotFoundError("Could not open the file at C:\\Users\\MYPC~1\\AppData\\Local\\Temp\\rust_mozprofileZMjmgl\\search.json.mozlz4", (void 0)))
[ERROR glean_core] Error setting metrics feature config: Json(Error("EOF while parsing a value", line: 1, column: 0))
DevTools listening on ws://127.0.0.1:63545/devtools/browser/b96de60a-1abb-4b11-bcfa-12af8e3d0574
1681989869716	Marionette	INFO	Stopped listening on port 63555
Dynamically enable window occlusion 1
